<?xml version="1.0" encoding="UTF-8"?>
<!-- Generated by org.testng.reporters.JUnitXMLReporter -->
<testsuite ignored="0" hostname="kaustubh009" failures="1" tests="1" name="Default test" time="9.924" errors="0" timestamp="2023-12-12T14:31:44 IST">
  <testcase classname="io.cucumber.testng.AbstractTestNGCucumberTests" name="runScenario" time="9.677">
    <failure type="java.lang.NullPointerException" message="Cannot invoke &amp;quot;java.util.Set.iterator()&amp;quot; because &amp;quot;s&amp;quot; is null">
      <![CDATA[java.lang.NullPointerException: Cannot invoke "java.util.Set.iterator()" because "s" is null
at UtilsLayer.WindowHandles.handleWindow(WindowHandles.java:16)
at StepDefination.RegisterPageStep.user_captured_the_price_of_the_iphone(RegisterPageStep.java:49)
at ✽.User Captured the price of the iphone(file:///C:/Users/samru/eclipse-workspace/AmazonBDDFull/AllFeatureFile/Amazon.feature:9)
]]>
    </failure>
  </testcase> <!-- runScenario -->
</testsuite> <!-- Default test -->
