<?xml version="1.0" encoding="UTF-8"?>
<!-- Generated by org.testng.reporters.JUnitReportReporter -->
<testsuite hostname="kaustubh009" failures="0" tests="1" name="TestRunner.RunnerTest" time="9.677" errors="1" timestamp="2023-12-12T14:31:44 IST" skipped="0">
  <testcase classname="TestRunner.RunnerTest" name="runScenario" time="9.677">
    <error message="Cannot invoke &quot;java.util.Set.iterator()&quot; because &quot;s&quot; is null" type="java.lang.NullPointerException">
      <![CDATA[java.lang.NullPointerException: Cannot invoke "java.util.Set.iterator()" because "s" is null
at UtilsLayer.WindowHandles.handleWindow(WindowHandles.java:16)
at StepDefination.RegisterPageStep.user_captured_the_price_of_the_iphone(RegisterPageStep.java:49)
at ✽.User Captured the price of the iphone(file:///C:/Users/samru/eclipse-workspace/AmazonBDDFull/AllFeatureFile/Amazon.feature:9)
]]>
    </error>
  </testcase> <!-- runScenario -->
  <system-out/>
</testsuite> <!-- TestRunner.RunnerTest -->
